<?xml version="1.0" encoding="UTF-8"?>
<testng-results skipped="0" failed="0" total="1" passed="1">
  <reporter-output>
  </reporter-output>
  <suite name="Suite" duration-ms="13535" started-at="2019-08-20T19:24:33Z" finished-at="2019-08-20T19:24:46Z">
    <groups>
    </groups>
    <test name="Test" duration-ms="13535" started-at="2019-08-20T19:24:33Z" finished-at="2019-08-20T19:24:46Z">
      <class name="Com.utility.TestBase">
        <test-method status="PASS" signature="Double()[pri:0, instance:Com.utility.TestBase@7a5d012c]" name="Double" duration-ms="13516" started-at="2019-08-21T00:54:33Z" finished-at="2019-08-21T00:54:46Z">
          <reporter-output>
          </reporter-output>
        </test-method> <!-- Double -->
      </class> <!-- Com.utility.TestBase -->
    </test> <!-- Test -->
  </suite> <!-- Suite -->
</testng-results>
